<?xml version="1.0" encoding="UTF-8"?>
<!-- Generated by org.testng.reporters.JUnitReportReporter -->
<testsuite hostname="DESKTOP-7CH71U5" failures="0" tests="1" name="Docker.ParallelExecution.IETest1" time="0.013" errors="0" timestamp="28 Jun 2022 10:09:53 GMT" skipped="0">
  <testcase classname="Docker.ParallelExecution.IETest1" name="Test1" time="0.013"/>
</testsuite> <!-- Docker.ParallelExecution.IETest1 -->
