<?xml version="1.0" encoding="UTF-8"?>
<!-- Generated by org.testng.reporters.JUnitReportReporter -->
<testsuite hostname="DESKTOP-7CH71U5" failures="0" tests="1" name="ProperySetup.PropertyReadingWay" time="0.007" errors="0" timestamp="28 Jun 2022 12:45:55 GMT" skipped="0">
  <testcase classname="ProperySetup.PropertyReadingWay" name="Test1" time="0.007"/>
</testsuite> <!-- ProperySetup.PropertyReadingWay -->
